[debug] [2022-12-08T09:25:27.721Z] ----------------------------------------------------------------------
[debug] [2022-12-08T09:25:27.724Z] Command:       C:\Program Files\nodejs\node.exe C:\Users\hp\AppData\Roaming\npm\node_modules\firebase-tools\lib\bin\firebase.js init
[debug] [2022-12-08T09:25:27.724Z] CLI Version:   11.16.1
[debug] [2022-12-08T09:25:27.725Z] Platform:      win32
[debug] [2022-12-08T09:25:27.725Z] Node Version:  v16.16.0
[debug] [2022-12-08T09:25:27.729Z] Time:          Thu Dec 08 2022 14:55:27 GMT+0530 (India Standard Time)
[debug] [2022-12-08T09:25:27.729Z] ----------------------------------------------------------------------
[debug] 
[debug] [2022-12-08T09:25:27.821Z] > command requires scopes: ["email","openid","https://www.googleapis.com/auth/cloudplatformprojects.readonly","https://www.googleapis.com/auth/firebase","https://www.googleapis.com/auth/cloud-platform"]
[debug] [2022-12-08T09:25:27.822Z] > authorizing via signed-in user (maazqureshi009@gmail.com)
[info] 
     ######## #### ########  ######## ########     ###     ######  ########
     ##        ##  ##     ## ##       ##     ##  ##   ##  ##       ##
     ######    ##  ########  ######   ########  #########  ######  ######
     ##        ##  ##    ##  ##       ##     ## ##     ##       ## ##
     ##       #### ##     ## ######## ########  ##     ##  ######  ########

You're about to initialize a Firebase project in this directory:

  C:\Users\hp\Downloads\REACT\amazon

Before we get started, keep in mind:

  * You are initializing within an existing Firebase project directory

[info] 
=== Project Setup
[info] 
[info] First, let's associate this project directory with a Firebase project.
[info] You can create multiple project aliases by running firebase use --add, 
[info] but for now we'll just set up a default project.
[info] 
[debug] [2022-12-08T09:25:36.619Z] Using project from CLI flag: fir-8ae77
[debug] [2022-12-08T09:25:36.622Z] >>> [apiv2][query] GET https://firebase.googleapis.com/v1beta1/projects/fir-8ae77 [none]
[debug] [2022-12-08T09:25:36.652Z] Failed to make request to https://firebase.googleapis.com/v1beta1/projects/fir-8ae77
[debug] [2022-12-08T09:25:36.661Z] FirebaseError: Failed to make request to https://firebase.googleapis.com/v1beta1/projects/fir-8ae77
    at RetryOperation._fn (C:\Users\hp\AppData\Roaming\npm\node_modules\firebase-tools\lib\apiv2.js:242:31)
    at processTicksAndRejections (node:internal/process/task_queues:96:5)
[error] 
[error] Error: Failed to get Firebase project fir-8ae77. Please make sure the project exists and your account has permission to access it.
[debug] [2022-12-08T09:33:15.673Z] ----------------------------------------------------------------------
[debug] [2022-12-08T09:33:15.675Z] Command:       C:\Program Files\nodejs\node.exe C:\Users\hp\AppData\Roaming\npm\node_modules\firebase-tools\lib\bin\firebase.js init
[debug] [2022-12-08T09:33:15.676Z] CLI Version:   11.16.1
[debug] [2022-12-08T09:33:15.676Z] Platform:      win32
[debug] [2022-12-08T09:33:15.676Z] Node Version:  v16.16.0
[debug] [2022-12-08T09:33:15.678Z] Time:          Thu Dec 08 2022 15:03:15 GMT+0530 (India Standard Time)
[debug] [2022-12-08T09:33:15.678Z] ----------------------------------------------------------------------
[debug] 
[debug] [2022-12-08T09:33:15.771Z] > command requires scopes: ["email","openid","https://www.googleapis.com/auth/cloudplatformprojects.readonly","https://www.googleapis.com/auth/firebase","https://www.googleapis.com/auth/cloud-platform"]
[debug] [2022-12-08T09:33:15.772Z] > authorizing via signed-in user (maazqureshi009@gmail.com)
[info] 
     ######## #### ########  ######## ########     ###     ######  ########
     ##        ##  ##     ## ##       ##     ##  ##   ##  ##       ##
     ######    ##  ########  ######   ########  #########  ######  ######
     ##        ##  ##    ##  ##       ##     ## ##     ##       ## ##
     ##       #### ##     ## ######## ########  ##     ##  ######  ########

You're about to initialize a Firebase project in this directory:

  C:\Users\hp\Downloads\REACT\amazon

Before we get started, keep in mind:

  * You are initializing within an existing Firebase project directory

[info] 
=== Project Setup
[info] 
[info] First, let's associate this project directory with a Firebase project.
[info] You can create multiple project aliases by running firebase use --add, 
[info] but for now we'll just set up a default project.
[info] 
[debug] [2022-12-08T09:33:21.180Z] Using project from CLI flag: fir-8ae77
[debug] [2022-12-08T09:33:21.183Z] >>> [apiv2][query] GET https://firebase.googleapis.com/v1beta1/projects/fir-8ae77 [none]
[debug] [2022-12-08T09:33:21.207Z] Failed to make request to https://firebase.googleapis.com/v1beta1/projects/fir-8ae77
[debug] [2022-12-08T09:33:21.218Z] FirebaseError: Failed to make request to https://firebase.googleapis.com/v1beta1/projects/fir-8ae77
    at RetryOperation._fn (C:\Users\hp\AppData\Roaming\npm\node_modules\firebase-tools\lib\apiv2.js:242:31)
    at processTicksAndRejections (node:internal/process/task_queues:96:5)
[error] 
[error] Error: Failed to get Firebase project fir-8ae77. Please make sure the project exists and your account has permission to access it.
[debug] [2022-12-08T09:35:07.794Z] ----------------------------------------------------------------------
[debug] [2022-12-08T09:35:07.796Z] Command:       C:\Program Files\nodejs\node.exe C:\Users\hp\AppData\Roaming\npm\node_modules\firebase-tools\lib\bin\firebase.js init
[debug] [2022-12-08T09:35:07.797Z] CLI Version:   11.16.1
[debug] [2022-12-08T09:35:07.797Z] Platform:      win32
[debug] [2022-12-08T09:35:07.797Z] Node Version:  v16.16.0
[debug] [2022-12-08T09:35:07.801Z] Time:          Thu Dec 08 2022 15:05:07 GMT+0530 (India Standard Time)
[debug] [2022-12-08T09:35:07.801Z] ----------------------------------------------------------------------
[debug] 
[debug] [2022-12-08T09:35:07.903Z] > command requires scopes: ["email","openid","https://www.googleapis.com/auth/cloudplatformprojects.readonly","https://www.googleapis.com/auth/firebase","https://www.googleapis.com/auth/cloud-platform"]
[debug] [2022-12-08T09:35:07.903Z] > authorizing via signed-in user (maazqureshi009@gmail.com)
[info] 
     ######## #### ########  ######## ########     ###     ######  ########
     ##        ##  ##     ## ##       ##     ##  ##   ##  ##       ##
     ######    ##  ########  ######   ########  #########  ######  ######
     ##        ##  ##    ##  ##       ##     ## ##     ##       ## ##
     ##       #### ##     ## ######## ########  ##     ##  ######  ########

You're about to initialize a Firebase project in this directory:

  C:\Users\hp\Downloads\REACT\amazon

Before we get started, keep in mind:

  * You are initializing within an existing Firebase project directory

[info] 
=== Project Setup
[info] 
[info] First, let's associate this project directory with a Firebase project.
[info] You can create multiple project aliases by running firebase use --add, 
[info] but for now we'll just set up a default project.
[info] 
[debug] [2022-12-08T09:35:21.033Z] Using project from CLI flag: fir-8ae77
[debug] [2022-12-08T09:35:21.036Z] >>> [apiv2][query] GET https://firebase.googleapis.com/v1beta1/projects/fir-8ae77 [none]
[debug] [2022-12-08T09:35:22.387Z] <<< [apiv2][status] GET https://firebase.googleapis.com/v1beta1/projects/fir-8ae77 200
[debug] [2022-12-08T09:35:22.387Z] <<< [apiv2][body] GET https://firebase.googleapis.com/v1beta1/projects/fir-8ae77 {"projectId":"fir-8ae77","projectNumber":"402998583818","displayName":"amazon","name":"projects/fir-8ae77","resources":{"hostingSite":"fir-8ae77","realtimeDatabaseInstance":"fir-8ae77-default-rtdb"},"state":"ACTIVE","etag":"1_ff592548-3672-45e2-996f-c825ff683d4b"}
[info] i  Using project fir-8ae77 (amazon) 
[info] 
=== Functions Setup
[debug] [2022-12-08T09:35:22.396Z] > command requires scopes: ["email","openid","https://www.googleapis.com/auth/cloudplatformprojects.readonly","https://www.googleapis.com/auth/firebase","https://www.googleapis.com/auth/cloud-platform"]
[debug] [2022-12-08T09:35:22.397Z] > authorizing via signed-in user (maazqureshi009@gmail.com)
[debug] [2022-12-08T09:35:22.397Z] [iam] checking project fir-8ae77 for permissions ["firebase.projects.get"]
[debug] [2022-12-08T09:35:22.398Z] >>> [apiv2][query] POST https://cloudresourcemanager.googleapis.com/v1/projects/fir-8ae77:testIamPermissions [none]
[debug] [2022-12-08T09:35:22.398Z] >>> [apiv2][(partial)header] POST https://cloudresourcemanager.googleapis.com/v1/projects/fir-8ae77:testIamPermissions x-goog-quota-user=projects/fir-8ae77
[debug] [2022-12-08T09:35:22.398Z] >>> [apiv2][body] POST https://cloudresourcemanager.googleapis.com/v1/projects/fir-8ae77:testIamPermissions {"permissions":["firebase.projects.get"]}
[debug] [2022-12-08T09:35:24.449Z] <<< [apiv2][status] POST https://cloudresourcemanager.googleapis.com/v1/projects/fir-8ae77:testIamPermissions 200
[debug] [2022-12-08T09:35:24.450Z] <<< [apiv2][body] POST https://cloudresourcemanager.googleapis.com/v1/projects/fir-8ae77:testIamPermissions {"permissions":["firebase.projects.get"]}
[debug] [2022-12-08T09:35:24.451Z] >>> [apiv2][query] GET https://serviceusage.googleapis.com/v1/projects/fir-8ae77/services/cloudfunctions.googleapis.com [none]
[debug] [2022-12-08T09:35:24.451Z] >>> [apiv2][(partial)header] GET https://serviceusage.googleapis.com/v1/projects/fir-8ae77/services/cloudfunctions.googleapis.com x-goog-quota-user=projects/fir-8ae77
[debug] [2022-12-08T09:35:24.453Z] >>> [apiv2][query] GET https://serviceusage.googleapis.com/v1/projects/fir-8ae77/services/runtimeconfig.googleapis.com [none]
[debug] [2022-12-08T09:35:24.453Z] >>> [apiv2][(partial)header] GET https://serviceusage.googleapis.com/v1/projects/fir-8ae77/services/runtimeconfig.googleapis.com x-goog-quota-user=projects/fir-8ae77
[debug] [2022-12-08T09:35:26.882Z] <<< [apiv2][status] GET https://serviceusage.googleapis.com/v1/projects/fir-8ae77/services/cloudfunctions.googleapis.com 200
[debug] [2022-12-08T09:35:26.883Z] <<< [apiv2][body] GET https://serviceusage.googleapis.com/v1/projects/fir-8ae77/services/cloudfunctions.googleapis.com [omitted]
[debug] [2022-12-08T09:35:26.884Z] <<< [apiv2][status] GET https://serviceusage.googleapis.com/v1/projects/fir-8ae77/services/runtimeconfig.googleapis.com 200
[debug] [2022-12-08T09:35:26.884Z] <<< [apiv2][body] GET https://serviceusage.googleapis.com/v1/projects/fir-8ae77/services/runtimeconfig.googleapis.com [omitted]
[info] 
Detected existing codebase(s): default

[debug] [2022-12-08T09:37:58.329Z] ----------------------------------------------------------------------
[debug] [2022-12-08T09:37:58.331Z] Command:       C:\Program Files\nodejs\node.exe C:\Users\hp\AppData\Roaming\npm\node_modules\firebase-tools\lib\bin\firebase.js emulators:start
[debug] [2022-12-08T09:37:58.332Z] CLI Version:   11.16.1
[debug] [2022-12-08T09:37:58.332Z] Platform:      win32
[debug] [2022-12-08T09:37:58.332Z] Node Version:  v16.16.0
[debug] [2022-12-08T09:37:58.334Z] Time:          Thu Dec 08 2022 15:07:58 GMT+0530 (India Standard Time)
[debug] [2022-12-08T09:37:58.334Z] ----------------------------------------------------------------------
[debug] 
[debug] [2022-12-08T09:37:58.461Z] > command requires scopes: ["email","openid","https://www.googleapis.com/auth/cloudplatformprojects.readonly","https://www.googleapis.com/auth/firebase","https://www.googleapis.com/auth/cloud-platform"]
[debug] [2022-12-08T09:37:58.462Z] > authorizing via signed-in user (maazqureshi009@gmail.com)
[info] i  emulators: Starting emulators: functions, hosting {"metadata":{"emulator":{"name":"hub"},"message":"Starting emulators: functions, hosting"}}
[debug] [2022-12-08T09:37:58.486Z] [logging] Logging Emulator only supports listening on one address (127.0.0.1). Not listening on ::1
[debug] [2022-12-08T09:37:58.487Z] [hosting] Hosting Emulator only supports listening on one address (127.0.0.1). Not listening on ::1
[debug] [2022-12-08T09:37:58.487Z] assigned listening specs for emulators {"user":{"hub":[{"address":"127.0.0.1","family":"IPv4","port":4400},{"address":"::1","family":"IPv6","port":4400}],"ui":[{"address":"127.0.0.1","family":"IPv4","port":4000},{"address":"::1","family":"IPv6","port":4000}],"logging":[{"address":"127.0.0.1","family":"IPv4","port":4500}],"hosting":[{"address":"127.0.0.1","family":"IPv4","port":5000}]},"metadata":{"message":"assigned listening specs for emulators"}}
[debug] [2022-12-08T09:37:58.500Z] [hub] writing locator at C:\Users\hp\AppData\Local\Temp\hub-fir-8ae77.json
[debug] [2022-12-08T09:37:58.534Z] [functions] Functions Emulator only supports listening on one address (127.0.0.1). Not listening on ::1
[debug] [2022-12-08T09:37:58.534Z] [eventarc] Eventarc Emulator only supports listening on one address (127.0.0.1). Not listening on ::1
[debug] [2022-12-08T09:37:58.535Z] late-assigned ports for functions and eventarc emulators {"user":{"hub":[{"address":"127.0.0.1","family":"IPv4","port":4400},{"address":"::1","family":"IPv6","port":4400}],"ui":[{"address":"127.0.0.1","family":"IPv4","port":4000},{"address":"::1","family":"IPv6","port":4000}],"logging":[{"address":"127.0.0.1","family":"IPv4","port":4500}],"hosting":[{"address":"127.0.0.1","family":"IPv4","port":5000}],"functions":[{"address":"127.0.0.1","family":"IPv4","port":5001}],"eventarc":[{"address":"127.0.0.1","family":"IPv4","port":9299}]},"metadata":{"message":"late-assigned ports for functions and eventarc emulators"}}
[warn] !  functions: The following emulators are not running, calls to these services from the Functions emulator will affect production: auth, firestore, database, pubsub, storage {"metadata":{"emulator":{"name":"functions"},"message":"The following emulators are not running, calls to these services from the Functions emulator will affect production: \u001b[1mauth, firestore, database, pubsub, storage\u001b[22m"}}
[info] +  functions: Using node@16 from host. {"metadata":{"emulator":{"name":"functions"},"message":"Using node@16 from host."}}
[debug] [2022-12-08T09:37:58.581Z] defaultcredentials: writing to file C:\Users\hp\AppData\Roaming\firebase\maazqureshi009_gmail_com_application_default_credentials.json
[debug] [2022-12-08T09:37:58.586Z] Setting GAC to C:\Users\hp\AppData\Roaming\firebase\maazqureshi009_gmail_com_application_default_credentials.json {"metadata":{"emulator":{"name":"functions"},"message":"Setting GAC to C:\\Users\\hp\\AppData\\Roaming\\firebase\\maazqureshi009_gmail_com_application_default_credentials.json"}}
[debug] [2022-12-08T09:37:58.589Z] >>> [apiv2][query] GET https://firebase.googleapis.com/v1beta1/projects/fir-8ae77/adminSdkConfig [none]
[debug] [2022-12-08T09:38:00.070Z] <<< [apiv2][status] GET https://firebase.googleapis.com/v1beta1/projects/fir-8ae77/adminSdkConfig 200
[debug] [2022-12-08T09:38:00.071Z] <<< [apiv2][body] GET https://firebase.googleapis.com/v1beta1/projects/fir-8ae77/adminSdkConfig {"projectId":"fir-8ae77","databaseURL":"https://fir-8ae77-default-rtdb.firebaseio.com","storageBucket":"fir-8ae77.appspot.com"}
[debug] [2022-12-08T09:38:00.096Z] >>> [apiv2][query] GET https://firebasehosting.googleapis.com/v1beta1/projects/fir-8ae77/sites 
[debug] [2022-12-08T09:38:01.868Z] <<< [apiv2][status] GET https://firebasehosting.googleapis.com/v1beta1/projects/fir-8ae77/sites 200
[debug] [2022-12-08T09:38:01.868Z] <<< [apiv2][body] GET https://firebasehosting.googleapis.com/v1beta1/projects/fir-8ae77/sites {"sites":[{"name":"projects/fir-8ae77/sites/fir-8ae77","defaultUrl":"https://fir-8ae77.web.app","appId":"1:402998583818:web:a5a8ba5750eb92218c35f3","type":"DEFAULT_SITE"}]}
[debug] [2022-12-08T09:38:01.869Z] >>> [apiv2][query] GET https://firebase.googleapis.com/v1beta1/projects/fir-8ae77/webApps/1:402998583818:web:a5a8ba5750eb92218c35f3/config [none]
[debug] [2022-12-08T09:38:03.548Z] <<< [apiv2][status] GET https://firebase.googleapis.com/v1beta1/projects/fir-8ae77/webApps/1:402998583818:web:a5a8ba5750eb92218c35f3/config 200
[debug] [2022-12-08T09:38:03.548Z] <<< [apiv2][body] GET https://firebase.googleapis.com/v1beta1/projects/fir-8ae77/webApps/1:402998583818:web:a5a8ba5750eb92218c35f3/config {"projectId":"fir-8ae77","appId":"1:402998583818:web:a5a8ba5750eb92218c35f3","databaseURL":"https://fir-8ae77-default-rtdb.firebaseio.com","storageBucket":"fir-8ae77.appspot.com","apiKey":"AIzaSyBUsFOKcfq9fW9IssI-HccUEUqJ0bz6ZhE","authDomain":"fir-8ae77.firebaseapp.com","messagingSenderId":"402998583818","measurementId":"G-8V4ZDR2CSS"}
[debug] [2022-12-08T09:38:03.563Z] >>> [apiv2][query] GET https://firebase.googleapis.com/v1beta1/projects/fir-8ae77 [none]
[debug] [2022-12-08T09:38:04.778Z] <<< [apiv2][status] GET https://firebase.googleapis.com/v1beta1/projects/fir-8ae77 200
[debug] [2022-12-08T09:38:04.778Z] <<< [apiv2][body] GET https://firebase.googleapis.com/v1beta1/projects/fir-8ae77 {"projectId":"fir-8ae77","projectNumber":"402998583818","displayName":"amazon","name":"projects/fir-8ae77","resources":{"hostingSite":"fir-8ae77","realtimeDatabaseInstance":"fir-8ae77-default-rtdb"},"state":"ACTIVE","etag":"1_ff592548-3672-45e2-996f-c825ff683d4b"}
[info] i  hosting[fir-8ae77]: Serving hosting files from: build {"metadata":{"emulator":{"name":"hosting"},"message":"Serving hosting files from: \u001b[1mbuild\u001b[22m"}}
[info] +  hosting[fir-8ae77]: Local server: http://127.0.0.1:5000 {"metadata":{"emulator":{"name":"hosting"},"message":"Local server: \u001b[4m\u001b[1mhttp://127.0.0.1:5000\u001b[22m\u001b[24m"}}
[debug] [2022-12-08T09:38:04.838Z] Ignoring unsupported arg: auto_download {"metadata":{"emulator":{"name":"ui"},"message":"Ignoring unsupported arg: auto_download"}}
[debug] [2022-12-08T09:38:04.838Z] Ignoring unsupported arg: port {"metadata":{"emulator":{"name":"ui"},"message":"Ignoring unsupported arg: port"}}
[debug] [2022-12-08T09:38:04.839Z] Starting Emulator UI with command {"binary":"node","args":["C:\\Users\\hp\\.cache\\firebase\\emulators\\ui-v1.11.1\\server\\server.js"],"optionalArgs":[],"joinArgs":false} {"metadata":{"emulator":{"name":"ui"},"message":"Starting Emulator UI with command {\"binary\":\"node\",\"args\":[\"C:\\\\Users\\\\hp\\\\.cache\\\\firebase\\\\emulators\\\\ui-v1.11.1\\\\server\\\\server.js\"],\"optionalArgs\":[],\"joinArgs\":false}"}}
[info] i  ui: Emulator UI logging to ui-debug.log {"metadata":{"emulator":{"name":"ui"},"message":"Emulator UI logging to \u001b[1mui-debug.log\u001b[22m"}}
[debug] [2022-12-08T09:38:05.110Z] Web / API server started at 127.0.0.1:4000
 {"metadata":{"emulator":{"name":"ui"},"message":"Web / API server started at 127.0.0.1:4000\n"}}
[debug] [2022-12-08T09:38:05.111Z] Web / API server started at ::1:4000
 {"metadata":{"emulator":{"name":"ui"},"message":"Web / API server started at ::1:4000\n"}}
[info] i  functions: Watching "C:\Users\hp\Downloads\REACT\amazon\functions" for Cloud Functions... {"metadata":{"emulator":{"name":"functions"},"message":"Watching \"C:\\Users\\hp\\Downloads\\REACT\\amazon\\functions\" for Cloud Functions..."}}
[debug] [2022-12-08T09:38:05.131Z] Validating nodejs source
[warn] !  functions: package.json indicates an outdated version of firebase-functions. Please upgrade using npm install --save firebase-functions@latest in your functions directory. 
[warn] !  functions: Please note that there will be breaking changes when you upgrade. 
[debug] [2022-12-08T09:38:10.479Z] > [functions] package.json contents: {
  "name": "functions",
  "description": "Cloud Functions for Firebase",
  "scripts": {
    "lint": "eslint .",
    "serve": "firebase emulators:start --only functions",
    "shell": "firebase functions:shell",
    "start": "npm run shell",
    "deploy": "firebase deploy --only functions",
    "logs": "firebase functions:log"
  },
  "engines": {
    "node": "16"
  },
  "main": "index.js",
  "dependencies": {
    "cors": "^2.8.5",
    "express": "^4.18.2",
    "firebase-admin": "^10.0.2",
    "firebase-functions": "^3.18.0",
    "stripe": "^11.2.0"
  },
  "devDependencies": {
    "eslint": "^8.9.0",
    "eslint-config-google": "^0.14.0",
    "firebase-functions-test": "^0.2.0"
  },
  "private": true
}
[debug] [2022-12-08T09:38:10.480Z] Building nodejs source
[debug] [2022-12-08T09:38:10.480Z] Analyzing nodejs backend spec
[debug] [2022-12-08T09:38:10.482Z] Could not find functions.yaml. Must use http discovery
[debug] [2022-12-08T09:38:10.959Z] Serving at port 9005

[debug] [2022-12-08T09:38:11.244Z] Got response from /__/functions.yaml {"endpoints":{"api":{"platform":"gcfv1","httpsTrigger":{},"entryPoint":"api"}},"specVersion":"v1alpha1","requiredAPIs":[]}
[debug] [2022-12-08T09:38:11.256Z] shutdown requested via /__/quitquitquit

[info] +  functions: Loaded functions definitions from source: api. {"metadata":{"emulator":{"name":"functions"},"message":"Loaded functions definitions from source: api."}}
[info] +  functions[us-central1-api]: http function initialized (http://127.0.0.1:5001/fir-8ae77/us-central1/api). {"metadata":{"emulator":{"name":"functions"},"message":"\u001b[1mhttp\u001b[22m function initialized (http://127.0.0.1:5001/fir-8ae77/us-central1/api)."}}
[info] 
┌─────────────────────────────────────────────────────────────┐
│ ✔  All emulators ready! It is now safe to connect your app. │
│ i  View Emulator UI at http://127.0.0.1:4000/               │
└─────────────────────────────────────────────────────────────┘

┌───────────┬────────────────┬─────────────────────────────────┐
│ Emulator  │ Host:Port      │ View in Emulator UI             │
├───────────┼────────────────┼─────────────────────────────────┤
│ Functions │ 127.0.0.1:5001 │ http://127.0.0.1:4000/functions │
├───────────┼────────────────┼─────────────────────────────────┤
│ Hosting   │ 127.0.0.1:5000 │ n/a                             │
└───────────┴────────────────┴─────────────────────────────────┘
  Emulator Hub running at 127.0.0.1:4400
  Other reserved ports: 4500

Issues? Report them at https://github.com/firebase/firebase-tools/issues and attach the *-debug.log files.
 
[debug] [2022-12-08T09:40:31.791Z] File C:\Users\hp\Downloads\REACT\amazon\functions\index.js changed, reloading triggers {"metadata":{"emulator":{"name":"functions"},"message":"File C:\\Users\\hp\\Downloads\\REACT\\amazon\\functions\\index.js changed, reloading triggers"}}
[debug] [2022-12-08T09:40:32.804Z] Validating nodejs source
[warn] !  functions: package.json indicates an outdated version of firebase-functions. Please upgrade using npm install --save firebase-functions@latest in your functions directory. 
[warn] !  functions: Please note that there will be breaking changes when you upgrade. 
[debug] [2022-12-08T09:40:37.929Z] > [functions] package.json contents: {
  "name": "functions",
  "description": "Cloud Functions for Firebase",
  "scripts": {
    "lint": "eslint .",
    "serve": "firebase emulators:start --only functions",
    "shell": "firebase functions:shell",
    "start": "npm run shell",
    "deploy": "firebase deploy --only functions",
    "logs": "firebase functions:log"
  },
  "engines": {
    "node": "16"
  },
  "main": "index.js",
  "dependencies": {
    "cors": "^2.8.5",
    "express": "^4.18.2",
    "firebase-admin": "^10.0.2",
    "firebase-functions": "^3.18.0",
    "stripe": "^11.2.0"
  },
  "devDependencies": {
    "eslint": "^8.9.0",
    "eslint-config-google": "^0.14.0",
    "firebase-functions-test": "^0.2.0"
  },
  "private": true
}
[debug] [2022-12-08T09:40:37.929Z] Building nodejs source
[debug] [2022-12-08T09:40:37.929Z] Analyzing nodejs backend spec
[debug] [2022-12-08T09:40:37.930Z] Could not find functions.yaml. Must use http discovery
[debug] [2022-12-08T09:40:37.951Z] File C:\Users\hp\Downloads\REACT\amazon\functions\index.js changed, reloading triggers {"metadata":{"emulator":{"name":"functions"},"message":"File C:\\Users\\hp\\Downloads\\REACT\\amazon\\functions\\index.js changed, reloading triggers"}}
[debug] [2022-12-08T09:40:38.345Z] File C:\Users\hp\Downloads\REACT\amazon\functions\index.js changed, reloading triggers {"metadata":{"emulator":{"name":"functions"},"message":"File C:\\Users\\hp\\Downloads\\REACT\\amazon\\functions\\index.js changed, reloading triggers"}}
[debug] [2022-12-08T09:40:38.353Z] Serving at port 9005

[debug] [2022-12-08T09:40:38.601Z] Got response from /__/functions.yaml {"endpoints":{"api":{"platform":"gcfv1","httpsTrigger":{},"entryPoint":"api"}},"specVersion":"v1alpha1","requiredAPIs":[]}
[debug] [2022-12-08T09:40:38.607Z] shutdown requested via /__/quitquitquit

[info] +  functions: Loaded functions definitions from source: api. {"metadata":{"emulator":{"name":"functions"},"message":"Loaded functions definitions from source: api."}}
[debug] [2022-12-08T09:40:39.251Z] File C:\Users\hp\Downloads\REACT\amazon\functions\index.js changed, reloading triggers {"metadata":{"emulator":{"name":"functions"},"message":"File C:\\Users\\hp\\Downloads\\REACT\\amazon\\functions\\index.js changed, reloading triggers"}}
[debug] [2022-12-08T09:40:40.267Z] Validating nodejs source
[warn] !  functions: package.json indicates an outdated version of firebase-functions. Please upgrade using npm install --save firebase-functions@latest in your functions directory. 
[warn] !  functions: Please note that there will be breaking changes when you upgrade. 
[debug] [2022-12-08T09:40:45.401Z] > [functions] package.json contents: {
  "name": "functions",
  "description": "Cloud Functions for Firebase",
  "scripts": {
    "lint": "eslint .",
    "serve": "firebase emulators:start --only functions",
    "shell": "firebase functions:shell",
    "start": "npm run shell",
    "deploy": "firebase deploy --only functions",
    "logs": "firebase functions:log"
  },
  "engines": {
    "node": "16"
  },
  "main": "index.js",
  "dependencies": {
    "cors": "^2.8.5",
    "express": "^4.18.2",
    "firebase-admin": "^10.0.2",
    "firebase-functions": "^3.18.0",
    "stripe": "^11.2.0"
  },
  "devDependencies": {
    "eslint": "^8.9.0",
    "eslint-config-google": "^0.14.0",
    "firebase-functions-test": "^0.2.0"
  },
  "private": true
}
[debug] [2022-12-08T09:40:45.401Z] Building nodejs source
[debug] [2022-12-08T09:40:45.401Z] Analyzing nodejs backend spec
[debug] [2022-12-08T09:40:45.402Z] Could not find functions.yaml. Must use http discovery
[debug] [2022-12-08T09:40:45.785Z] Serving at port 9005

[debug] [2022-12-08T09:40:46.020Z] Got response from /__/functions.yaml {"endpoints":{"api":{"platform":"gcfv1","httpsTrigger":{},"entryPoint":"api"}},"specVersion":"v1alpha1","requiredAPIs":[]}
[debug] [2022-12-08T09:40:46.026Z] shutdown requested via /__/quitquitquit

[info] +  functions: Loaded functions definitions from source: api. {"metadata":{"emulator":{"name":"functions"},"message":"Loaded functions definitions from source: api."}}
[debug] [2022-12-08T09:56:10.506Z] File C:\Users\hp\Downloads\REACT\amazon\functions\index.js changed, reloading triggers {"metadata":{"emulator":{"name":"functions"},"message":"File C:\\Users\\hp\\Downloads\\REACT\\amazon\\functions\\index.js changed, reloading triggers"}}
[debug] [2022-12-08T09:56:11.537Z] Validating nodejs source
[warn] !  functions: package.json indicates an outdated version of firebase-functions. Please upgrade using npm install --save firebase-functions@latest in your functions directory. 
[warn] !  functions: Please note that there will be breaking changes when you upgrade. 
[debug] [2022-12-08T09:56:17.072Z] > [functions] package.json contents: {
  "name": "functions",
  "description": "Cloud Functions for Firebase",
  "scripts": {
    "lint": "eslint .",
    "serve": "firebase emulators:start --only functions",
    "shell": "firebase functions:shell",
    "start": "npm run shell",
    "deploy": "firebase deploy --only functions",
    "logs": "firebase functions:log"
  },
  "engines": {
    "node": "16"
  },
  "main": "index.js",
  "dependencies": {
    "cors": "^2.8.5",
    "express": "^4.18.2",
    "firebase-admin": "^10.0.2",
    "firebase-functions": "^3.18.0",
    "stripe": "^11.2.0"
  },
  "devDependencies": {
    "eslint": "^8.9.0",
    "eslint-config-google": "^0.14.0",
    "firebase-functions-test": "^0.2.0"
  },
  "private": true
}
[debug] [2022-12-08T09:56:17.073Z] Building nodejs source
[debug] [2022-12-08T09:56:17.073Z] Analyzing nodejs backend spec
[debug] [2022-12-08T09:56:17.075Z] Could not find functions.yaml. Must use http discovery
[debug] [2022-12-08T09:56:17.524Z] Serving at port 9005

[debug] [2022-12-08T09:56:17.804Z] Got response from /__/functions.yaml {"endpoints":{"api":{"platform":"gcfv1","httpsTrigger":{},"entryPoint":"api"}},"specVersion":"v1alpha1","requiredAPIs":[]}
[debug] [2022-12-08T09:56:17.811Z] shutdown requested via /__/quitquitquit

[info] +  functions: Loaded functions definitions from source: api. {"metadata":{"emulator":{"name":"functions"},"message":"Loaded functions definitions from source: api."}}
