[debug] [2022-12-08T09:32:43.847Z] ----------------------------------------------------------------------
[debug] [2022-12-08T09:32:43.850Z] Command:       C:\Program Files\nodejs\node.exe C:\Users\hp\AppData\Roaming\npm\node_modules\firebase-tools\lib\bin\firebase.js init
[debug] [2022-12-08T09:32:43.850Z] CLI Version:   11.16.1
[debug] [2022-12-08T09:32:43.851Z] Platform:      win32
[debug] [2022-12-08T09:32:43.851Z] Node Version:  v16.16.0
[debug] [2022-12-08T09:32:43.856Z] Time:          Thu Dec 08 2022 15:02:43 GMT+0530 (India Standard Time)
[debug] [2022-12-08T09:32:43.856Z] ----------------------------------------------------------------------
[debug] 
[debug] [2022-12-08T09:32:43.951Z] > command requires scopes: ["email","openid","https://www.googleapis.com/auth/cloudplatformprojects.readonly","https://www.googleapis.com/auth/firebase","https://www.googleapis.com/auth/cloud-platform"]
[debug] [2022-12-08T09:32:43.952Z] > authorizing via signed-in user (maazqureshi009@gmail.com)
[info] 
     ######## #### ########  ######## ########     ###     ######  ########
     ##        ##  ##     ## ##       ##     ##  ##   ##  ##       ##
     ######    ##  ########  ######   ########  #########  ######  ######
     ##        ##  ##    ##  ##       ##     ## ##     ##       ## ##
     ##       #### ##     ## ######## ########  ##     ##  ######  ########

You're about to initialize a Firebase project in this directory:

  C:\Users\hp\Downloads\REACT\amazon

Before we get started, keep in mind:

  * You are initializing within an existing Firebase project directory

[debug] [2022-12-08T09:32:55.361Z] Error: Timed out.
    at Timeout._onTimeout (C:\Users\hp\AppData\Roaming\npm\node_modules\firebase-tools\lib\utils.js:253:49)
    at listOnTimeout (node:internal/timers:559:17)
    at processTimers (node:internal/timers:502:7)
[error] 
[error] Error: An unexpected error has occurred.
